<?xml version="1.0" encoding="UTF-8"?>
<!-- Generated by org.testng.reporters.JUnitReportReporter -->
<testsuite hostname="kali" failures="0" tests="1" name="org.selenium.tests.HomePageTest" time="6.925" errors="0" timestamp="2024-07-09T18:23:55 IST" skipped="0">
  <testcase classname="org.selenium.tests.HomePageTest" name="validateBackendConnection" time="6.925"/>
  <system-out/>
</testsuite> <!-- org.selenium.tests.HomePageTest -->
